<?xml version="1.0" encoding="UTF-8"?>
<!-- Generated by org.testng.reporters.JUnitReportReporter -->
<testsuite hostname="LTIN509713" failures="0" tests="3" name="cucumber.testRunner.TestRunner" time="90.705" errors="0" timestamp="2024-11-08T11:46:45 IST" skipped="0">
  <testcase classname="cucumber.testRunner.TestRunner" name="runScenario" time="48.911"/>
  <system-out/>
  <testcase classname="cucumber.testRunner.TestRunner" name="runScenario" time="22.558"/>
  <system-out/>
  <testcase classname="cucumber.testRunner.TestRunner" name="runScenario" time="19.236"/>
  <system-out/>
</testsuite> <!-- cucumber.testRunner.TestRunner -->
