<?xml version="1.0" encoding="UTF-8"?>
<!-- Generated by org.testng.reporters.JUnitReportReporter -->
<testsuite hostname="LTIN509713" failures="0" tests="3" name="cucumber.testRunner.TestRunner" time="153.651" errors="0" timestamp="2024-11-08T09:45:23 IST" skipped="0">
  <testcase classname="cucumber.testRunner.TestRunner" name="runScenario" time="52.832"/>
  <system-out/>
  <testcase classname="cucumber.testRunner.TestRunner" name="runScenario" time="51.811"/>
  <system-out/>
  <testcase classname="cucumber.testRunner.TestRunner" name="runScenario" time="49.008"/>
  <system-out/>
</testsuite> <!-- cucumber.testRunner.TestRunner -->
