<?xml version="1.0" encoding="UTF-8"?>
<!-- Generated by org.testng.reporters.JUnitReportReporter -->
<testsuite hostname="LTIN509713" failures="0" tests="3" name="cucumber.testRunner.TestNGTestRunner" time="129.385" errors="0" timestamp="2024-11-11T14:34:05 IST" skipped="0">
  <testcase classname="cucumber.testRunner.TestNGTestRunner" name="runScenario" time="49.900"/>
  <system-out/>
  <testcase classname="cucumber.testRunner.TestNGTestRunner" name="runScenario" time="54.900"/>
  <system-out/>
  <testcase classname="cucumber.testRunner.TestNGTestRunner" name="runScenario" time="24.585"/>
  <system-out/>
</testsuite> <!-- cucumber.testRunner.TestNGTestRunner -->
