<?xml version="1.0" encoding="UTF-8"?>
<!-- Generated by org.testng.reporters.JUnitReportReporter -->
<testsuite hostname="LTIN509713" failures="0" tests="3" name="cucumber.testRunner.TestNGTestRunner" time="101.079" errors="0" timestamp="2024-11-11T09:43:47 IST" skipped="0">
  <testcase classname="cucumber.testRunner.TestNGTestRunner" name="runScenario" time="23.316"/>
  <system-out/>
  <testcase classname="cucumber.testRunner.TestNGTestRunner" name="runScenario" time="52.456"/>
  <system-out/>
  <testcase classname="cucumber.testRunner.TestNGTestRunner" name="runScenario" time="25.307"/>
  <system-out/>
</testsuite> <!-- cucumber.testRunner.TestNGTestRunner -->
