<?xml version="1.0" encoding="UTF-8"?>
<!-- Generated by org.testng.reporters.JUnitReportReporter -->
<testsuite hostname="LTIN509713" failures="0" tests="3" name="cucumber.testRunner.TestRunner" time="64.335" errors="0" timestamp="2024-11-08T12:41:32 IST" skipped="0">
  <testcase classname="cucumber.testRunner.TestRunner" name="runScenario" time="20.548"/>
  <system-out/>
  <testcase classname="cucumber.testRunner.TestRunner" name="runScenario" time="20.563"/>
  <system-out/>
  <testcase classname="cucumber.testRunner.TestRunner" name="runScenario" time="23.224"/>
  <system-out/>
</testsuite> <!-- cucumber.testRunner.TestRunner -->
