<?xml version="1.0" encoding="UTF-8"?>
<!-- Generated by org.testng.reporters.JUnitReportReporter -->
<testsuite hostname="LTIN509713" failures="0" tests="3" name="cucumber.testRunner.TestNGTestRunner" time="128.126" errors="0" timestamp="2024-11-12T11:12:10 IST" skipped="0">
  <testcase classname="cucumber.testRunner.TestNGTestRunner" name="runScenario" time="33.852"/>
  <system-out/>
  <testcase classname="cucumber.testRunner.TestNGTestRunner" name="runScenario" time="33.339"/>
  <system-out/>
  <testcase classname="cucumber.testRunner.TestNGTestRunner" name="runScenario" time="60.935"/>
  <system-out/>
</testsuite> <!-- cucumber.testRunner.TestNGTestRunner -->
